Performing C SOURCE FILE Test BROTLI_EMSCRIPTEN failed with the following output:
Change Dir: /home/wudi/code/decoding/naive/build/CMakeFiles/CMakeScratch/TryCompile-WKr7WF

Run Build Command(s):/usr/bin/gmake -f Makefile cmTC_f2efe/fast && /usr/bin/gmake  -f CMakeFiles/cmTC_f2efe.dir/build.make CMakeFiles/cmTC_f2efe.dir/build
gmake[1]: Entering directory '/home/wudi/code/decoding/naive/build/CMakeFiles/CMakeScratch/TryCompile-WKr7WF'
Building C object CMakeFiles/cmTC_f2efe.dir/src.c.o
/usr/bin/cc -DBROTLI_EMSCRIPTEN   -o CMakeFiles/cmTC_f2efe.dir/src.c.o -c /home/wudi/code/decoding/naive/build/CMakeFiles/CMakeScratch/TryCompile-WKr7WF/src.c
Linking C executable cmTC_f2efe
/usr/local/bin/cmake -E cmake_link_script CMakeFiles/cmTC_f2efe.dir/link.txt --verbose=1
/usr/bin/cc -rdynamic CMakeFiles/cmTC_f2efe.dir/src.c.o -o cmTC_f2efe 
/usr/bin/ld: /usr/lib/gcc/x86_64-linux-gnu/11/../../../x86_64-linux-gnu/Scrt1.o: in function `_start':
(.text+0x1b): undefined reference to `main'
collect2: error: ld returned 1 exit status
gmake[1]: *** [CMakeFiles/cmTC_f2efe.dir/build.make:99: cmTC_f2efe] Error 1
gmake[1]: Leaving directory '/home/wudi/code/decoding/naive/build/CMakeFiles/CMakeScratch/TryCompile-WKr7WF'
gmake: *** [Makefile:127: cmTC_f2efe/fast] Error 2


Source file was:
#if defined(__EMSCRIPTEN__)
   int main() {return 0;}
   #endif

Determining if the function log2 exists failed with the following output:
Change Dir: /home/wudi/code/decoding/naive/build/CMakeFiles/CMakeScratch/TryCompile-EiBIaZ

Run Build Command(s):/usr/bin/gmake -f Makefile cmTC_f4305/fast && /usr/bin/gmake  -f CMakeFiles/cmTC_f4305.dir/build.make CMakeFiles/cmTC_f4305.dir/build
gmake[1]: Entering directory '/home/wudi/code/decoding/naive/build/CMakeFiles/CMakeScratch/TryCompile-EiBIaZ'
Building C object CMakeFiles/cmTC_f4305.dir/CheckFunctionExists.c.o
/usr/bin/cc   -DCHECK_FUNCTION_EXISTS=log2 -o CMakeFiles/cmTC_f4305.dir/CheckFunctionExists.c.o -c /home/wudi/code/decoding/naive/build/CMakeFiles/CMakeScratch/TryCompile-EiBIaZ/CheckFunctionExists.c
<command-line>: warning: conflicting types for built-in function ‘log2’; expected ‘double(double)’ [-Wbuiltin-declaration-mismatch]
/home/wudi/code/decoding/naive/build/CMakeFiles/CMakeScratch/TryCompile-EiBIaZ/CheckFunctionExists.c:7:3: note: in expansion of macro ‘CHECK_FUNCTION_EXISTS’
    7 |   CHECK_FUNCTION_EXISTS(void);
      |   ^~~~~~~~~~~~~~~~~~~~~
/home/wudi/code/decoding/naive/build/CMakeFiles/CMakeScratch/TryCompile-EiBIaZ/CheckFunctionExists.c:1:1: note: ‘log2’ is declared in header ‘<math.h>’
  +++ |+#include <math.h>
    1 | #ifdef CHECK_FUNCTION_EXISTS
Linking C executable cmTC_f4305
/usr/local/bin/cmake -E cmake_link_script CMakeFiles/cmTC_f4305.dir/link.txt --verbose=1
/usr/bin/cc  -DCHECK_FUNCTION_EXISTS=log2 -rdynamic CMakeFiles/cmTC_f4305.dir/CheckFunctionExists.c.o -o cmTC_f4305 
/usr/bin/ld: CMakeFiles/cmTC_f4305.dir/CheckFunctionExists.c.o: in function `main':
CheckFunctionExists.c:(.text+0x14): undefined reference to `log2'
collect2: error: ld returned 1 exit status
gmake[1]: *** [CMakeFiles/cmTC_f4305.dir/build.make:99: cmTC_f4305] Error 1
gmake[1]: Leaving directory '/home/wudi/code/decoding/naive/build/CMakeFiles/CMakeScratch/TryCompile-EiBIaZ'
gmake: *** [Makefile:127: cmTC_f4305/fast] Error 2



